ACTIVE_APR_21.txt
ACTIVE_APR_22.txt
ACTIVE_APR_23.txt
ACTIVE_AUG_21.txt
ACTIVE_AUG_22.txt
ACTIVE_DEC_21.txt
ACTIVE_DEC_22.txt
ACTIVE_FEB_21.txt
ACTIVE_FEB_22.txt
ACTIVE_FEB_23.txt
ACTIVE_JAN_21.txt
ACTIVE_JAN_22.txt
ACTIVE_JAN_23.txt
ACTIVE_JUL_21.txt
ACTIVE_JUL_22.txt
ACTIVE_JUL_23.txt
ACTIVE_JUN_21.txt
ACTIVE_JUN_22.txt
ACTIVE_JUN_23.txt
ACTIVE_MAR_21.txt
ACTIVE_MAR_22.txt
ACTIVE_MAR_23.txt
ACTIVE_MAY_21.txt
ACTIVE_MAY_22.txt
ACTIVE_MAY_23.txt
ACTIVE_NOV_21.txt
ACTIVE_NOV_22.txt
ACTIVE_OCT_21.txt
ACTIVE_OCT_22.txt
ACTIVE_SEP_21.txt
ACTIVE_SEP_22.txt
RESERVE_APR_22.txt
RESERVE_APR_23.txt
RESERVE_AUG_21.txt
RESERVE_AUG_22.txt
RESERVE_DEC_21.txt
RESERVE_DEC_22.txt
RESERVE_FEB_22.txt
RESERVE_FEB_23.txt
RESERVE_JAN_22.txt
RESERVE_JAN_23.txt
RESERVE_JUL_22.txt
RESERVE_JUL_23.txt
RESERVE_JUN_22.txt
RESERVE_JUN_23.txt
RESERVE_MAR_22.txt
RESERVE_MAR_23.txt
RESERVE_MAY_22.txt
RESERVE_MAY_23.txt
RESERVE_NOV_21.txt
RESERVE_NOV_22.txt
RESERVE_OCT_21.txt
RESERVE_OCT_22.txt
RESERVE_SEP_21.txt
RESERVE_SEP_22.txt